[30-Sep-2024 23:41:17 Europe/Berlin] PHP Warning:  Undefined variable $conn in C:\xampp\htdocs\mvc_skeleton_template\actions\register_user_action.php on line 34
[30-Sep-2024 23:41:17 Europe/Berlin] PHP Warning:  Undefined variable $conn in C:\xampp\htdocs\mvc_skeleton_template\actions\register_user_action.php on line 77
[30-Sep-2024 23:41:17 Europe/Berlin] PHP Fatal error:  Uncaught Error: Call to a member function prepare() on null in C:\xampp\htdocs\mvc_skeleton_template\actions\register_user_action.php:34
Stack trace:
#0 {main}

Next Error: Call to a member function close() on null in C:\xampp\htdocs\mvc_skeleton_template\actions\register_user_action.php:77
Stack trace:
#0 {main}
  thrown in C:\xampp\htdocs\mvc_skeleton_template\actions\register_user_action.php on line 77
[30-Sep-2024 23:44:26 Europe/Berlin] PHP Warning:  Undefined variable $conn in C:\xampp\htdocs\mvc_skeleton_template\actions\register_user_action.php on line 34
[30-Sep-2024 23:44:26 Europe/Berlin] PHP Warning:  Undefined variable $conn in C:\xampp\htdocs\mvc_skeleton_template\actions\register_user_action.php on line 77
[30-Sep-2024 23:44:26 Europe/Berlin] PHP Fatal error:  Uncaught Error: Call to a member function prepare() on null in C:\xampp\htdocs\mvc_skeleton_template\actions\register_user_action.php:34
Stack trace:
#0 {main}

Next Error: Call to a member function close() on null in C:\xampp\htdocs\mvc_skeleton_template\actions\register_user_action.php:77
Stack trace:
#0 {main}
  thrown in C:\xampp\htdocs\mvc_skeleton_template\actions\register_user_action.php on line 77
[30-Sep-2024 23:53:21 Europe/Berlin] PHP Warning:  Undefined variable $conn in C:\xampp\htdocs\mvc_skeleton_template\actions\register_user_action.php on line 34
[30-Sep-2024 23:53:21 Europe/Berlin] PHP Warning:  Undefined variable $conn in C:\xampp\htdocs\mvc_skeleton_template\actions\register_user_action.php on line 77
[30-Sep-2024 23:53:21 Europe/Berlin] PHP Fatal error:  Uncaught Error: Call to a member function prepare() on null in C:\xampp\htdocs\mvc_skeleton_template\actions\register_user_action.php:34
Stack trace:
#0 {main}

Next Error: Call to a member function close() on null in C:\xampp\htdocs\mvc_skeleton_template\actions\register_user_action.php:77
Stack trace:
#0 {main}
  thrown in C:\xampp\htdocs\mvc_skeleton_template\actions\register_user_action.php on line 77
[01-Oct-2024 00:02:18 Europe/Berlin] PHP Warning:  Undefined variable $conn in C:\xampp\htdocs\mvc_skeleton_template\actions\register_user_action.php on line 34
[01-Oct-2024 00:02:18 Europe/Berlin] PHP Warning:  Undefined variable $conn in C:\xampp\htdocs\mvc_skeleton_template\actions\register_user_action.php on line 77
[01-Oct-2024 00:02:18 Europe/Berlin] PHP Fatal error:  Uncaught Error: Call to a member function prepare() on null in C:\xampp\htdocs\mvc_skeleton_template\actions\register_user_action.php:34
Stack trace:
#0 {main}

Next Error: Call to a member function close() on null in C:\xampp\htdocs\mvc_skeleton_template\actions\register_user_action.php:77
Stack trace:
#0 {main}
  thrown in C:\xampp\htdocs\mvc_skeleton_template\actions\register_user_action.php on line 77
